Command: vcs -full64 -debug_access+all +define+FUNCTIONAL +define+SIM +define+GL \
-timescale=1ns/1ps +v2k -sverilog -lca -kdb +incdir+.. +incdir+../synthesis/output \
+incdir+../gls +incdir+../rtl +incdir+../rtl +incdir+../rtl/scl180_wrapper +incdir+/home/Synopsys/pdk/SCL_PDK_3/SCLPDK_V3.0_KIT/scl180/iopad/cio250/4M1L/verilog/tsl18cio250/zero \
+incdir+/home/Synopsys/pdk/SCL_PDK_3/SCLPDK_V3.0_KIT/scl180/stdcell/fs120/4M1IL/verilog/vcs_sim_model \
-y ../rtl/scl180_wrapper +libext+.v+.sv -y ../rtl +libext+.v+.sv -y ../rtl +libext+.v+.sv \
-y /home/Synopsys/pdk/SCL_PDK_3/SCLPDK_V3.0_KIT/scl180/iopad/cio250/4M1L/verilog/tsl18cio250/zero \
+libext+.v+.sv -y /home/Synopsys/pdk/SCL_PDK_3/SCLPDK_V3.0_KIT/scl180/stdcell/fs120/4M1IL/verilog/vcs_sim_model \
+libext+.v+.sv ../rtl/defines.v hkspi_tb.v -l vcs_compile.log -o simv
                         Chronologic VCS (TM)
         Version U-2023.03_Full64 -- Tue Dec 16 15:26:25 2025

                    Copyright (c) 1991 - 2023 Synopsys, Inc.
   This software and the associated documentation are proprietary to Synopsys,
 Inc. This software may only be used in accordance with the terms and conditions
 of a written license agreement with Synopsys, Inc. All other use, reproduction,
   or distribution of this software is strictly prohibited.  Licensed Products
     communicate with Synopsys servers for the purpose of providing software
    updates, detecting software piracy and verifying that customers are using
    Licensed Products in conformity with the applicable License Key for such
  Licensed Products. Synopsys will use information gathered in connection with
    this process to deliver software updates and pursue software pirates and
                                   infringers.

 Inclusivity & Diversity - Visit SolvNetPlus to read the "Synopsys Statement on
            Inclusivity and Diversity" (Refer to article 000036315 at
                        https://solvnetplus.synopsys.com)


Warning-[LCA_FEATURES_ENABLED] Usage warning
  LCA features enabled by '-lca' argument on the command line.  For more 
  information regarding list of LCA features please refer to Chapter "LCA 
  features" in the VCS Release Notes

Parsing design file '../rtl/defines.v'
Parsing design file 'hkspi_tb.v'
Parsing included file '../rtl/defines.v'.
Back to file 'hkspi_tb.v'.
Parsing included file '../rtl/caravel_netlists.v'.
Parsing included file '../rtl/defines.v'.
Back to file '../rtl/caravel_netlists.v'.
Parsing included file '../rtl/user_defines.v'.
Back to file '../rtl/caravel_netlists.v'.
Parsing included file '../rtl/pads.v'.
Back to file '../rtl/caravel_netlists.v'.
Parsing included file '../rtl/defines.v'.
Back to file '../rtl/caravel_netlists.v'.
Parsing included file '../rtl/digital_pll.v'.
Back to file '../rtl/caravel_netlists.v'.
Parsing included file '../rtl/caravel_clocking.v'.
Back to file '../rtl/caravel_netlists.v'.
Parsing included file '../rtl/user_id_programming.v'.
Back to file '../rtl/caravel_netlists.v'.
Parsing included file '../rtl/chip_io.v'.
Back to file '../rtl/caravel_netlists.v'.
Parsing included file '../rtl/housekeeping.v'.
Back to file '../rtl/caravel_netlists.v'.
Parsing included file '../rtl/mprj_logic_high.v'.
Back to file '../rtl/caravel_netlists.v'.
Parsing included file '../rtl/mprj2_logic_high.v'.
Back to file '../rtl/caravel_netlists.v'.
Parsing included file '../rtl/mgmt_protect.v'.
Back to file '../rtl/caravel_netlists.v'.
Parsing included file '../rtl/constant_block.v'.
Back to file '../rtl/caravel_netlists.v'.
Parsing included file '../rtl/gpio_control_block.v'.
Parsing included file '../rtl/scl180_macro_sparecell.v'.
Back to file '../rtl/gpio_control_block.v'.
Back to file '../rtl/caravel_netlists.v'.
Parsing included file '../rtl/gpio_defaults_block.v'.
Back to file '../rtl/caravel_netlists.v'.
Parsing included file '../rtl/gpio_logic_high.v'.
Back to file '../rtl/caravel_netlists.v'.
Parsing included file '../rtl/xres_buf.v'.

Warning-[EPIMD] Empty Port in Module Declaration
../rtl/xres_buf.v, 30
  There is empty port specified in module declaration.
  

Back to file '../rtl/caravel_netlists.v'.
Parsing included file '../rtl/spare_logic_block.v'.
Back to file '../rtl/caravel_netlists.v'.
Parsing included file '../rtl/mgmt_core_wrapper.v'.
Parsing included file '../rtl/mgmt_core.v'.
Parsing included file '../rtl/RAM256.v'.
Back to file '../rtl/mgmt_core.v'.
Parsing included file '../rtl/RAM128.v'.
Back to file '../rtl/mgmt_core.v'.
Parsing included file '../rtl/VexRiscv_MinDebugCache.v'.
Back to file '../rtl/mgmt_core.v'.
Back to file '../rtl/mgmt_core_wrapper.v'.

Warning-[CIWC] Ignored /* within /* */ comment
../rtl/mgmt_core_wrapper.v, 40
  Nested comments is found. Ignoring nested '/*'. 
  /* 1.8V domain */
  ^

Back to file '../rtl/caravel_netlists.v'.
Parsing included file '../rtl/__user_project_wrapper.v'.
Parsing included file '../rtl/defines.v'.
Back to file '../rtl/__user_project_wrapper.v'.
Parsing included file '../rtl/debug_regs.v'.
Back to file '../rtl/__user_project_wrapper.v'.
Back to file '../rtl/caravel_netlists.v'.
Back to file 'hkspi_tb.v'.
Parsing included file 'spiflash.v'.
Back to file 'hkspi_tb.v'.
Parsing included file 'tbuart.v'.
Back to file 'hkspi_tb.v'.
Parsing library directory file '../rtl/scl180_wrapper/pc3b03ed_wrapper.v'
Parsing included file '../rtl/scl180_wrapper/pc3b03ed.v'.
Back to file '../rtl/scl180_wrapper/pc3b03ed_wrapper.v'.
Parsing included file '../rtl/scl180_wrapper/pc3b03ed.v'.
Back to file '../rtl/scl180_wrapper/pc3b03ed_wrapper.v'.
Parsing library directory file '../rtl/scl180_wrapper/pc3d01_wrapper.v'
Parsing included file '../rtl/scl180_wrapper/pc3d01.v'.
Back to file '../rtl/scl180_wrapper/pc3d01_wrapper.v'.
Parsing included file '../rtl/scl180_wrapper/pc3d01.v'.
Back to file '../rtl/scl180_wrapper/pc3d01_wrapper.v'.
Parsing library directory file '../rtl/scl180_wrapper/pt3b02_wrapper.v'
Parsing included file '../rtl/scl180_wrapper/pt3b02.v'.
Back to file '../rtl/scl180_wrapper/pt3b02_wrapper.v'.
Parsing included file '../rtl/scl180_wrapper/pt3b02.v'.
Back to file '../rtl/scl180_wrapper/pt3b02_wrapper.v'.
Parsing library directory file '../rtl/clock_div.v'
Parsing library directory file '../rtl/digital_pll_controller.v'
Parsing library directory file '../rtl/dummy_scl180_conb_1.v'
Parsing library directory file '../rtl/housekeeping_spi.v'
Parsing library directory file '../rtl/mgmt_protect_hv.v'
Parsing library directory file '../rtl/mprj_io.v'
Parsing library directory file '../rtl/pc3d21.v'
Parsing library directory file '../rtl/ring_osc2x13.v'
Parsing included file '/home/Synopsys/pdk/SCL_PDK_3/SCLPDK_V3.0_KIT/scl180/stdcell/fs120/6M1L/verilog/vcs_sim_model/tsl18fs120_scl.v'.
Back to file '../rtl/ring_osc2x13.v'.
Parsing included file '../rtl/dummy_scl180_conb_1.v'.
Back to file '../rtl/ring_osc2x13.v'.
Parsing included file '/home/Synopsys/pdk/SCL_PDK_3/SCLPDK_V3.0_KIT/scl180/stdcell/fs120/6M1L/verilog/vcs_sim_model/tsl18fs120_scl.v'.
Back to file '../rtl/ring_osc2x13.v'.
Parsing included file '../rtl/dummy_scl180_conb_1.v'.
Back to file '../rtl/ring_osc2x13.v'.
Parsing included file '/home/Synopsys/pdk/SCL_PDK_3/SCLPDK_V3.0_KIT/scl180/stdcell/fs120/6M1L/verilog/vcs_sim_model/tsl18fs120_scl.v'.
Back to file '../rtl/ring_osc2x13.v'.
Parsing included file '../rtl/dummy_scl180_conb_1.v'.
Back to file '../rtl/ring_osc2x13.v'.
Parsing library directory file '../rtl/vsdcaravel.v'
Parsing included file '../rtl/copyright_block.v'.
Back to file '../rtl/vsdcaravel.v'.
Parsing included file '../rtl/caravel_logo.v'.
Back to file '../rtl/vsdcaravel.v'.
Parsing included file '../rtl/caravel_motto.v'.
Back to file '../rtl/vsdcaravel.v'.
Parsing included file '../rtl/open_source.v'.
Back to file '../rtl/vsdcaravel.v'.
Parsing included file '../rtl/user_id_textblock.v'.
Back to file '../rtl/vsdcaravel.v'.
Parsing included file '../rtl/caravel_core.v'.
Parsing included file '../rtl/mprj_io_buffer.v'.
Back to file '../rtl/caravel_core.v'.
Parsing included file '../rtl/manual_power_connections.v'.
Back to file '../rtl/caravel_core.v'.
Parsing included file '../rtl/empty_macro.v'.
Back to file '../rtl/caravel_core.v'.
Back to file '../rtl/vsdcaravel.v'.
Parsing included file '../rtl/copyright_block.v'.
Back to file '../rtl/vsdcaravel.v'.
Parsing included file '../rtl/caravel_logo.v'.
Back to file '../rtl/vsdcaravel.v'.
Parsing included file '../rtl/caravel_motto.v'.
Back to file '../rtl/vsdcaravel.v'.
Parsing included file '../rtl/open_source.v'.
Back to file '../rtl/vsdcaravel.v'.
Parsing included file '../rtl/user_id_textblock.v'.
Back to file '../rtl/vsdcaravel.v'.
Parsing included file '../rtl/caravel_core.v'.
Parsing included file '../rtl/mprj_io_buffer.v'.
Back to file '../rtl/caravel_core.v'.
Parsing included file '../rtl/manual_power_connections.v'.
Back to file '../rtl/caravel_core.v'.
Parsing included file '../rtl/empty_macro.v'.
Back to file '../rtl/caravel_core.v'.
Back to file '../rtl/vsdcaravel.v'.
Parsing included file '../rtl/copyright_block.v'.
Back to file '../rtl/vsdcaravel.v'.
Parsing included file '../rtl/caravel_logo.v'.
Back to file '../rtl/vsdcaravel.v'.
Parsing included file '../rtl/caravel_motto.v'.
Back to file '../rtl/vsdcaravel.v'.
Parsing included file '../rtl/open_source.v'.
Back to file '../rtl/vsdcaravel.v'.
Parsing included file '../rtl/user_id_textblock.v'.
Back to file '../rtl/vsdcaravel.v'.
Parsing included file '../rtl/caravel_core.v'.
Parsing included file '../rtl/mprj_io_buffer.v'.
Back to file '../rtl/caravel_core.v'.
Parsing included file '../rtl/manual_power_connections.v'.
Back to file '../rtl/caravel_core.v'.
Parsing included file '../rtl/empty_macro.v'.
Back to file '../rtl/caravel_core.v'.
Back to file '../rtl/vsdcaravel.v'.
Parsing library directory file '/home/Synopsys/pdk/SCL_PDK_3/SCLPDK_V3.0_KIT/scl180/stdcell/fs120/4M1IL/verilog/vcs_sim_model/buffd7.v'
Top Level Modules:
       hkspi_tb
TimeScale is 1 ns / 1 ps

Warning-[TFIPC] Too few instance port connections
../rtl/chip_io.v, 1186
chip_io, "mprj_io mprj_pads( .vddio (vddio),  .vssio (vssio),  .vccd (vccd),  .vssd (vssd),  .vdda1 (vdda1),  .vdda2 (vdda2),  .vssa1 (vssa1),  .vssa2 (vssa2),  .vddio_q (vddio_q),  .vssio_q (vssio_q),  .analog_a (analog_a),  .analog_b (analog_b),  .rstb_h (rstb_h),  .vccd_conb (mprj_io_one),  .io (mprj_io),  .io_out (mprj_io_out),  .oeb (mprj_io_oeb),  .enh (mprj_io_enh),  .inp_dis (mprj_io_inp_dis),  .ib_mode_sel (mprj_io_ib_mode_sel),  .vtrip_sel (mprj_io_vtrip_sel),  .holdover (mprj_io_holdover),  .slow_sel (mprj_io_slow_sel),  .analog_en (mprj_io_analog_en),  .analog_sel (mprj_io_analog_sel),  .analog_pol (mprj_io_analog_pol),  .dm (mprj_io_dm),  .io_in (mprj_io_in),  .analog_io (mprj_analog_io));"
  The above instance has fewer port connections than the module definition.
  Please use '+lint=TFIPC-L' to print out detailed information of unconnected 
  ports.


Warning-[TFIPC] Too few instance port connections
../rtl/mgmt_core.v, 8378
mgmt_core, "RAM256 RAM256( .A0 (dff_bus_adr[7:0]),  .CLK (sys_clk),  .Di0 (dff_di),  .EN0 (dff_en),  .WE0 (dff_we),  .Do0 (dff_do));"
  The above instance has fewer port connections than the module definition.
  Please use '+lint=TFIPC-L' to print out detailed information of unconnected 
  ports.


Warning-[TFIPC] Too few instance port connections
../rtl/mgmt_core.v, 8387
mgmt_core, "RAM128 RAM128( .A0 (dff2_bus_adr[6:0]),  .CLK (sys_clk),  .Di0 (dff2_di),  .EN0 (dff2_en),  .WE0 (dff2_we),  .Do0 (dff2_do));"
  The above instance has fewer port connections than the module definition.
  Please use '+lint=TFIPC-L' to print out detailed information of unconnected 
  ports.


Warning-[TFIPC] Too few instance port connections
../rtl/mgmt_core_wrapper.v, 128
mgmt_core_wrapper, "mgmt_core core( .core_clk (core_clk),  .core_rstn (core_rstn),  .trap (trap),  .gpio_out_pad (gpio_out_pad),  .gpio_in_pad (gpio_in_pad),  .gpio_mode0_pad (gpio_mode0_pad),  .gpio_mode1_pad (gpio_mode1_pad),  .gpio_outenb_pad (gpio_outenb_pad),  .gpio_inenb_pad (gpio_inenb_pad),  .la_input (la_input),  .la_output (la_output),  .la_oenb (la_oenb),  .la_iena (la_iena),  .user_irq (irq),  .user_irq_ena (user_irq_ena),  .flash_cs_n (flash_csb),  .flash_clk (flash_clk),  .flash_io0_oeb (flash_io0_oeb),  .flash_io1_oeb (flash_io1_oeb),  .flash_io2_oeb (flash_io2_oeb),  .flash_io3_oeb (flash_io3_oeb),  .flash_io0_do (flash_io0_do),  .flash_io1_do (flash_io1_do),  .flash_io2_do (flash_io2_do),  .flash_io3_do (flash_io3_do),  .flash_io0_di (flash_io0_di),  .flas ... "
  The above instance has fewer port connections than the module definition.
  Please use '+lint=TFIPC-L' to print out detailed information of unconnected 
  ports.


Warning-[TFIPC] Too few instance port connections
../rtl/mgmt_protect.v, 123
mgmt_protect, "mprj_logic_high mprj_logic_high_inst( .HI (mprj_logic1));"
  The above instance has fewer port connections than the module definition.
  Please use '+lint=TFIPC-L' to print out detailed information of unconnected 
  ports.


Warning-[TFIPC] Too few instance port connections
../rtl/gpio_control_block.v, 255
gpio_control_block, " scl180_marco_sparecell spare_cell();"
  The above instance has fewer port connections than the module definition.
  Please use '+lint=TFIPC-L' to print out detailed information of unconnected 
  ports.


Warning-[TFIPC] Too few instance port connections
../rtl/caravel_core.v, 577
caravel_core, "housekeeping housekeeping( .wb_clk_i (caravel_clk),  .wb_rstn_i (caravel_rstn),  .wb_adr_i (mprj_adr_o_core),  .wb_dat_i (mprj_dat_o_core),  .wb_sel_i (mprj_sel_o_core),  .wb_we_i (mprj_we_o_core),  .wb_cyc_i (hk_cyc_o),  .wb_stb_i (hk_stb_o),  .wb_ack_o (hk_ack_i),  .wb_dat_o (hk_dat_i),  .rstb_h (rstb_h),  .pll_ena (spi_pll_ena),  .pll_dco_ena (spi_pll_dco_ena),  .pll_div (spi_pll_div),  .pll_sel (spi_pll_sel),  .pll90_sel (spi_pll90_sel),  .pll_trim (spi_pll_trim),  .pll_bypass (ext_clk_sel),  .qspi_enabled (qspi_enabled),  .uart_enabled (uart_enabled),  .spi_enabled (spi_enabled),  .debug_mode (debug_mode),  .ser_tx (ser_tx),  .ser_rx (ser_rx),  .spi_sdi (spi_sdi),  .spi_csb (spi_csb),  .spi_sck (spi_sck),  .spi_sdo (spi_sdo),  .spi_sdoenb (spi_sdoe ... "
  The above instance has fewer port connections than the module definition.
  Please use '+lint=TFIPC-L' to print out detailed information of unconnected 
  ports.


Warning-[TFIPC] Too few instance port connections
../rtl/caravel_core.v, 714
caravel_core, "gpio_defaults_block #(.GPIO_CONFIG_INIT(13'h1803)) gpio_defaults_block_0( .gpio_defaults (gpio_defaults[12:0]));"
  The above instance has fewer port connections than the module definition.
  Please use '+lint=TFIPC-L' to print out detailed information of unconnected 
  ports.


Warning-[TFIPC] Too few instance port connections
../rtl/caravel_core.v, 724
caravel_core, "gpio_defaults_block #(.GPIO_CONFIG_INIT(13'h1803)) gpio_defaults_block_1( .gpio_defaults (gpio_defaults[25:13]));"
  The above instance has fewer port connections than the module definition.
  Please use '+lint=TFIPC-L' to print out detailed information of unconnected 
  ports.


Warning-[TFIPC] Too few instance port connections
../rtl/caravel_core.v, 734
caravel_core, "gpio_defaults_block #(.GPIO_CONFIG_INIT(13'h0403)) gpio_defaults_block_2( .gpio_defaults (gpio_defaults[38:26]));"
  The above instance has fewer port connections than the module definition.
  Please use '+lint=TFIPC-L' to print out detailed information of unconnected 
  ports.


Warning-[TFIPC] Too few instance port connections
../rtl/caravel_core.v, 745
caravel_core, "gpio_defaults_block #(.GPIO_CONFIG_INIT(13'h0801)) gpio_defaults_block_3( .gpio_defaults (gpio_defaults[51:39]));"
  The above instance has fewer port connections than the module definition.
  Please use '+lint=TFIPC-L' to print out detailed information of unconnected 
  ports.


Warning-[TFIPC] Too few instance port connections
../rtl/caravel_core.v, 755
caravel_core, "gpio_defaults_block #(.GPIO_CONFIG_INIT(13'h0403)) gpio_defaults_block_4( .gpio_defaults (gpio_defaults[64:52]));"
  The above instance has fewer port connections than the module definition.
  Please use '+lint=TFIPC-L' to print out detailed information of unconnected 
  ports.


Warning-[TFIPC] Too few instance port connections
../rtl/caravel_core.v, 767
caravel_core, "gpio_defaults_block #(.GPIO_CONFIG_INIT(13'h0403)) gpio_defaults_block_5( .gpio_defaults (gpio_defaults[77:65]));"
  The above instance has fewer port connections than the module definition.
  Please use '+lint=TFIPC-L' to print out detailed information of unconnected 
  ports.


Warning-[TFIPC] Too few instance port connections
../rtl/caravel_core.v, 777
caravel_core, "gpio_defaults_block #(.GPIO_CONFIG_INIT(13'h0403)) gpio_defaults_block_6( .gpio_defaults (gpio_defaults[90:78]));"
  The above instance has fewer port connections than the module definition.
  Please use '+lint=TFIPC-L' to print out detailed information of unconnected 
  ports.


Warning-[TFIPC] Too few instance port connections
../rtl/caravel_core.v, 787
caravel_core, "gpio_defaults_block #(.GPIO_CONFIG_INIT(13'h0403)) gpio_defaults_block_7( .gpio_defaults (gpio_defaults[103:91]));"
  The above instance has fewer port connections than the module definition.
  Please use '+lint=TFIPC-L' to print out detailed information of unconnected 
  ports.


Warning-[TFIPC] Too few instance port connections
../rtl/caravel_core.v, 797
caravel_core, "gpio_defaults_block #(.GPIO_CONFIG_INIT(13'h0403)) gpio_defaults_block_8( .gpio_defaults (gpio_defaults[116:104]));"
  The above instance has fewer port connections than the module definition.
  Please use '+lint=TFIPC-L' to print out detailed information of unconnected 
  ports.


Warning-[TFIPC] Too few instance port connections
../rtl/caravel_core.v, 807
caravel_core, "gpio_defaults_block #(.GPIO_CONFIG_INIT(13'h0403)) gpio_defaults_block_9( .gpio_defaults (gpio_defaults[129:117]));"
  The above instance has fewer port connections than the module definition.
  Please use '+lint=TFIPC-L' to print out detailed information of unconnected 
  ports.


Warning-[TFIPC] Too few instance port connections
../rtl/caravel_core.v, 817
caravel_core, "gpio_defaults_block #(.GPIO_CONFIG_INIT(13'h0403)) gpio_defaults_block_10( .gpio_defaults (gpio_defaults[142:130]));"
  The above instance has fewer port connections than the module definition.
  Please use '+lint=TFIPC-L' to print out detailed information of unconnected 
  ports.


Warning-[TFIPC] Too few instance port connections
../rtl/caravel_core.v, 827
caravel_core, "gpio_defaults_block #(.GPIO_CONFIG_INIT(13'h0403)) gpio_defaults_block_11( .gpio_defaults (gpio_defaults[155:143]));"
  The above instance has fewer port connections than the module definition.
  Please use '+lint=TFIPC-L' to print out detailed information of unconnected 
  ports.


Warning-[TFIPC] Too few instance port connections
../rtl/caravel_core.v, 837
caravel_core, "gpio_defaults_block #(.GPIO_CONFIG_INIT(13'h0403)) gpio_defaults_block_12( .gpio_defaults (gpio_defaults[168:156]));"
  The above instance has fewer port connections than the module definition.
  Please use '+lint=TFIPC-L' to print out detailed information of unconnected 
  ports.


Warning-[TFIPC] Too few instance port connections
../rtl/caravel_core.v, 847
caravel_core, "gpio_defaults_block #(.GPIO_CONFIG_INIT(13'h0403)) gpio_defaults_block_13( .gpio_defaults (gpio_defaults[181:169]));"
  The above instance has fewer port connections than the module definition.
  Please use '+lint=TFIPC-L' to print out detailed information of unconnected 
  ports.


Warning-[TFIPC] Too few instance port connections
../rtl/caravel_core.v, 857
caravel_core, "gpio_defaults_block #(.GPIO_CONFIG_INIT(13'h0403)) gpio_defaults_block_14( .gpio_defaults (gpio_defaults[194:182]));"
  The above instance has fewer port connections than the module definition.
  Please use '+lint=TFIPC-L' to print out detailed information of unconnected 
  ports.


Warning-[TFIPC] Too few instance port connections
../rtl/caravel_core.v, 867
caravel_core, "gpio_defaults_block #(.GPIO_CONFIG_INIT(13'h0403)) gpio_defaults_block_15( .gpio_defaults (gpio_defaults[207:195]));"
  The above instance has fewer port connections than the module definition.
  Please use '+lint=TFIPC-L' to print out detailed information of unconnected 
  ports.


Warning-[TFIPC] Too few instance port connections
../rtl/caravel_core.v, 877
caravel_core, "gpio_defaults_block #(.GPIO_CONFIG_INIT(13'h0403)) gpio_defaults_block_16( .gpio_defaults (gpio_defaults[220:208]));"
  The above instance has fewer port connections than the module definition.
  Please use '+lint=TFIPC-L' to print out detailed information of unconnected 
  ports.


Warning-[TFIPC] Too few instance port connections
../rtl/caravel_core.v, 887
caravel_core, "gpio_defaults_block #(.GPIO_CONFIG_INIT(13'h0403)) gpio_defaults_block_17( .gpio_defaults (gpio_defaults[233:221]));"
  The above instance has fewer port connections than the module definition.
  Please use '+lint=TFIPC-L' to print out detailed information of unconnected 
  ports.


Warning-[TFIPC] Too few instance port connections
../rtl/caravel_core.v, 897
caravel_core, "gpio_defaults_block #(.GPIO_CONFIG_INIT(13'h0403)) gpio_defaults_block_18( .gpio_defaults (gpio_defaults[246:234]));"
  The above instance has fewer port connections than the module definition.
  Please use '+lint=TFIPC-L' to print out detailed information of unconnected 
  ports.


Warning-[TFIPC] Too few instance port connections
../rtl/caravel_core.v, 907
caravel_core, "gpio_defaults_block #(.GPIO_CONFIG_INIT(13'h0403)) gpio_defaults_block_19( .gpio_defaults (gpio_defaults[259:247]));"
  The above instance has fewer port connections than the module definition.
  Please use '+lint=TFIPC-L' to print out detailed information of unconnected 
  ports.


Warning-[TFIPC] Too few instance port connections
../rtl/caravel_core.v, 917
caravel_core, "gpio_defaults_block #(.GPIO_CONFIG_INIT(13'h0403)) gpio_defaults_block_20( .gpio_defaults (gpio_defaults[272:260]));"
  The above instance has fewer port connections than the module definition.
  Please use '+lint=TFIPC-L' to print out detailed information of unconnected 
  ports.


Warning-[TFIPC] Too few instance port connections
../rtl/caravel_core.v, 927
caravel_core, "gpio_defaults_block #(.GPIO_CONFIG_INIT(13'h0403)) gpio_defaults_block_21( .gpio_defaults (gpio_defaults[285:273]));"
  The above instance has fewer port connections than the module definition.
  Please use '+lint=TFIPC-L' to print out detailed information of unconnected 
  ports.


Warning-[TFIPC] Too few instance port connections
../rtl/caravel_core.v, 937
caravel_core, "gpio_defaults_block #(.GPIO_CONFIG_INIT(13'h0403)) gpio_defaults_block_22( .gpio_defaults (gpio_defaults[298:286]));"
  The above instance has fewer port connections than the module definition.
  Please use '+lint=TFIPC-L' to print out detailed information of unconnected 
  ports.


Warning-[TFIPC] Too few instance port connections
../rtl/caravel_core.v, 947
caravel_core, "gpio_defaults_block #(.GPIO_CONFIG_INIT(13'h0403)) gpio_defaults_block_23( .gpio_defaults (gpio_defaults[311:299]));"
  The above instance has fewer port connections than the module definition.
  Please use '+lint=TFIPC-L' to print out detailed information of unconnected 
  ports.


Warning-[TFIPC] Too few instance port connections
../rtl/caravel_core.v, 957
caravel_core, "gpio_defaults_block #(.GPIO_CONFIG_INIT(13'h0403)) gpio_defaults_block_24( .gpio_defaults (gpio_defaults[324:312]));"
  The above instance has fewer port connections than the module definition.
  Please use '+lint=TFIPC-L' to print out detailed information of unconnected 
  ports.


Warning-[TFIPC] Too few instance port connections
../rtl/caravel_core.v, 967
caravel_core, "gpio_defaults_block #(.GPIO_CONFIG_INIT(13'h0403)) gpio_defaults_block_25( .gpio_defaults (gpio_defaults[337:325]));"
  The above instance has fewer port connections than the module definition.
  Please use '+lint=TFIPC-L' to print out detailed information of unconnected 
  ports.


Warning-[TFIPC] Too few instance port connections
../rtl/caravel_core.v, 977
caravel_core, "gpio_defaults_block #(.GPIO_CONFIG_INIT(13'h0403)) gpio_defaults_block_26( .gpio_defaults (gpio_defaults[350:338]));"
  The above instance has fewer port connections than the module definition.
  Please use '+lint=TFIPC-L' to print out detailed information of unconnected 
  ports.


Warning-[TFIPC] Too few instance port connections
../rtl/caravel_core.v, 987
caravel_core, "gpio_defaults_block #(.GPIO_CONFIG_INIT(13'h0403)) gpio_defaults_block_27( .gpio_defaults (gpio_defaults[363:351]));"
  The above instance has fewer port connections than the module definition.
  Please use '+lint=TFIPC-L' to print out detailed information of unconnected 
  ports.


Warning-[TFIPC] Too few instance port connections
../rtl/caravel_core.v, 997
caravel_core, "gpio_defaults_block #(.GPIO_CONFIG_INIT(13'h0403)) gpio_defaults_block_28( .gpio_defaults (gpio_defaults[376:364]));"
  The above instance has fewer port connections than the module definition.
  Please use '+lint=TFIPC-L' to print out detailed information of unconnected 
  ports.


Warning-[TFIPC] Too few instance port connections
../rtl/caravel_core.v, 1007
caravel_core, "gpio_defaults_block #(.GPIO_CONFIG_INIT(13'h0403)) gpio_defaults_block_29( .gpio_defaults (gpio_defaults[389:377]));"
  The above instance has fewer port connections than the module definition.
  Please use '+lint=TFIPC-L' to print out detailed information of unconnected 
  ports.


Warning-[TFIPC] Too few instance port connections
../rtl/caravel_core.v, 1017
caravel_core, "gpio_defaults_block #(.GPIO_CONFIG_INIT(13'h0403)) gpio_defaults_block_30( .gpio_defaults (gpio_defaults[402:390]));"
  The above instance has fewer port connections than the module definition.
  Please use '+lint=TFIPC-L' to print out detailed information of unconnected 
  ports.


Warning-[TFIPC] Too few instance port connections
../rtl/caravel_core.v, 1027
caravel_core, "gpio_defaults_block #(.GPIO_CONFIG_INIT(13'h0403)) gpio_defaults_block_31( .gpio_defaults (gpio_defaults[415:403]));"
  The above instance has fewer port connections than the module definition.
  Please use '+lint=TFIPC-L' to print out detailed information of unconnected 
  ports.


Warning-[TFIPC] Too few instance port connections
../rtl/caravel_core.v, 1037
caravel_core, "gpio_defaults_block #(.GPIO_CONFIG_INIT(13'h0403)) gpio_defaults_block_32( .gpio_defaults (gpio_defaults[428:416]));"
  The above instance has fewer port connections than the module definition.
  Please use '+lint=TFIPC-L' to print out detailed information of unconnected 
  ports.


Warning-[TFIPC] Too few instance port connections
../rtl/caravel_core.v, 1047
caravel_core, "gpio_defaults_block #(.GPIO_CONFIG_INIT(13'h0403)) gpio_defaults_block_33( .gpio_defaults (gpio_defaults[441:429]));"
  The above instance has fewer port connections than the module definition.
  Please use '+lint=TFIPC-L' to print out detailed information of unconnected 
  ports.


Warning-[TFIPC] Too few instance port connections
../rtl/caravel_core.v, 1057
caravel_core, "gpio_defaults_block #(.GPIO_CONFIG_INIT(13'h0403)) gpio_defaults_block_34( .gpio_defaults (gpio_defaults[454:442]));"
  The above instance has fewer port connections than the module definition.
  Please use '+lint=TFIPC-L' to print out detailed information of unconnected 
  ports.


Warning-[TFIPC] Too few instance port connections
../rtl/caravel_core.v, 1067
caravel_core, "gpio_defaults_block #(.GPIO_CONFIG_INIT(13'h0403)) gpio_defaults_block_35( .gpio_defaults (gpio_defaults[467:455]));"
  The above instance has fewer port connections than the module definition.
  Please use '+lint=TFIPC-L' to print out detailed information of unconnected 
  ports.


Warning-[TFIPC] Too few instance port connections
../rtl/caravel_core.v, 1077
caravel_core, "gpio_defaults_block #(.GPIO_CONFIG_INIT(13'h0403)) gpio_defaults_block_36( .gpio_defaults (gpio_defaults[480:468]));"
  The above instance has fewer port connections than the module definition.
  Please use '+lint=TFIPC-L' to print out detailed information of unconnected 
  ports.


Warning-[TFIPC] Too few instance port connections
../rtl/caravel_core.v, 1087
caravel_core, "gpio_defaults_block #(.GPIO_CONFIG_INIT(13'h0403)) gpio_defaults_block_37( .gpio_defaults (gpio_defaults[493:481]));"
  The above instance has fewer port connections than the module definition.
  Please use '+lint=TFIPC-L' to print out detailed information of unconnected 
  ports.


Warning-[TFIPC] Too few instance port connections
../rtl/caravel_core.v, 1111
caravel_core, "gpio_control_block gpio_control_bidir_1[1:0]( .gpio_defaults (gpio_defaults[25:0]),  .resetn (gpio_resetn_1_shifted[1:0]),  .serial_clock (gpio_clock_1_shifted[1:0]),  .serial_load (gpio_load_1_shifted[1:0]),  .resetn_out (gpio_resetn_1[1:0]),  .serial_clock_out (gpio_clock_1[1:0]),  .serial_load_out (gpio_load_1[1:0]),  .mgmt_gpio_in (mgmt_io_in[1:0]),  .mgmt_gpio_out (mgmt_io_out[1:0]),  .mgmt_gpio_oeb (mgmt_io_oeb[1:0]),  .one (mprj_io_one[1:0]),  .serial_data_in (gpio_serial_link_1_shifted[1:0]),  .serial_data_out (gpio_serial_link_1[1:0]),  .user_gpio_out (user_io_out[1:0]),  .user_gpio_oeb (user_io_oeb[1:0]),  .user_gpio_in (user_io_in[1:0]),  .pad_gpio_inenb (mprj_io_inp_dis[1:0]),  .pad_gpio_ib_mode_sel (mprj_io_ib_mode_sel[1:0]),  .pad_gpio_vtr ... "
  The above instance has fewer port connections than the module definition.
  Please use '+lint=TFIPC-L' to print out detailed information of unconnected 
  ports.


Warning-[TFIPC] Too few instance port connections
../rtl/caravel_core.v, 1164
caravel_core, "gpio_control_block gpio_control_in_1a[5:0]( .gpio_defaults (gpio_defaults[103:26]),  .resetn (gpio_resetn_1_shifted[7:2]),  .serial_clock (gpio_clock_1_shifted[7:2]),  .serial_load (gpio_load_1_shifted[7:2]),  .resetn_out (gpio_resetn_1[7:2]),  .serial_clock_out (gpio_clock_1[7:2]),  .serial_load_out (gpio_load_1[7:2]),  .mgmt_gpio_in (mgmt_io_in[7:2]),  .mgmt_gpio_out (mgmt_io_out[7:2]),  .mgmt_gpio_oeb (mprj_io_one[7:2]),  .one (mprj_io_one[7:2]),  .serial_data_in (gpio_serial_link_1_shifted[7:2]),  .serial_data_out (gpio_serial_link_1[7:2]),  .user_gpio_out (user_io_out[7:2]),  .user_gpio_oeb (user_io_oeb[7:2]),  .user_gpio_in (user_io_in[7:2]),  .pad_gpio_inenb (mprj_io_inp_dis[7:2]),  .pad_gpio_ib_mode_sel (mprj_io_ib_mode_sel[7:2]),  .pad_gpio_vtr ... "
  The above instance has fewer port connections than the module definition.
  Please use '+lint=TFIPC-L' to print out detailed information of unconnected 
  ports.


Warning-[TFIPC] Too few instance port connections
../rtl/caravel_core.v, 1217
caravel_core, "gpio_control_block gpio_control_in_1[(19 - 9):0]( .gpio_defaults (gpio_defaults[((19 * 13) - 1):104]),  .resetn (gpio_resetn_1_shifted[(19 - 1):8]),  .serial_clock (gpio_clock_1_shifted[(19 - 1):8]),  .serial_load (gpio_load_1_shifted[(19 - 1):8]),  .resetn_out (gpio_resetn_1[(19 - 1):8]),  .serial_clock_out (gpio_clock_1[(19 - 1):8]),  .serial_load_out (gpio_load_1[(19 - 1):8]),  .mgmt_gpio_in (mgmt_io_in[(19 - 1):8]),  .mgmt_gpio_out (mgmt_io_out[(19 - 1):8]),  .mgmt_gpio_oeb (mprj_io_one[(19 - 1):8]),  .one (mprj_io_one[(19 - 1):8]),  .serial_data_in (gpio_serial_link_1_shifted[(19 - 1):8]),  .serial_data_out (gpio_serial_link_1[(19 - 1):8]),  .user_gpio_out (user_io_out[(19 - 1):8]),  .user_gpio_oeb (user_io_oeb[(19 - 1):8]),  .user_gpio_in (user_io ... "
  The above instance has fewer port connections than the module definition.
  Please use '+lint=TFIPC-L' to print out detailed information of unconnected 
  ports.


Warning-[TFIPC] Too few instance port connections
../rtl/caravel_core.v, 1270
caravel_core, "gpio_control_block gpio_control_bidir_2[2:0]( .gpio_defaults (gpio_defaults[(((19 + 19) * 13) - 1):(((19 + 19) * 13) - 39)]),  .resetn (gpio_resetn_2_shifted[(19 - 1):(19 - 3)]),  .serial_clock (gpio_clock_2_shifted[(19 - 1):(19 - 3)]),  .serial_load (gpio_load_2_shifted[(19 - 1):(19 - 3)]),  .resetn_out (gpio_resetn_2[(19 - 1):(19 - 3)]),  .serial_clock_out (gpio_clock_2[(19 - 1):(19 - 3)]),  .serial_load_out (gpio_load_2[(19 - 1):(19 - 3)]),  .mgmt_gpio_in (mgmt_io_in[((19 + 19) - 1):((19 + 19) - 3)]),  .mgmt_gpio_out (mgmt_io_out[((19 + 19) - 1):((19 + 19) - 3)]),  .mgmt_gpio_oeb (mgmt_io_oeb[((19 + 19) - 1):((19 + 19) - 3)]),  .one (mprj_io_one[((19 + 19) - 1):((19 + 19) - 3)]),  .serial_data_in (gpio_serial_link_2_shifted[(19 - 1):(19 - 3)]),  .ser ... "
  The above instance has fewer port connections than the module definition.
  Please use '+lint=TFIPC-L' to print out detailed information of unconnected 
  ports.


Warning-[TFIPC] Too few instance port connections
../rtl/caravel_core.v, 1323
caravel_core, "gpio_control_block gpio_control_in_2[(19 - 4):0]( .gpio_defaults (gpio_defaults[(((19 + 19) * 13) - 40):(19 * 13)]),  .resetn (gpio_resetn_2_shifted[(19 - 4):0]),  .serial_clock (gpio_clock_2_shifted[(19 - 4):0]),  .serial_load (gpio_load_2_shifted[(19 - 4):0]),  .resetn_out (gpio_resetn_2[(19 - 4):0]),  .serial_clock_out (gpio_clock_2[(19 - 4):0]),  .serial_load_out (gpio_load_2[(19 - 4):0]),  .mgmt_gpio_in (mgmt_io_in[((19 + 19) - 4):19]),  .mgmt_gpio_out (mgmt_io_out[((19 + 19) - 4):19]),  .mgmt_gpio_oeb (mprj_io_one[((19 + 19) - 4):19]),  .one (mprj_io_one[((19 + 19) - 4):19]),  .serial_data_in (gpio_serial_link_2_shifted[(19 - 4):0]),  .serial_data_out (gpio_serial_link_2[(19 - 4):0]),  .user_gpio_out (user_io_out[((19 + 19) - 4):19]),  .user_gpio_ ... "
  The above instance has fewer port connections than the module definition.
  Please use '+lint=TFIPC-L' to print out detailed information of unconnected 
  ports.


Warning-[TFIPC] Too few instance port connections
../rtl/caravel_core.v, 1377
caravel_core, "user_id_programming #(.USER_PROJECT_ID(USER_PROJECT_ID)) user_id_value( .mask_rev (mask_rev));"
  The above instance has fewer port connections than the module definition.
  Please use '+lint=TFIPC-L' to print out detailed information of unconnected 
  ports.


Warning-[TFIPC] Too few instance port connections
../rtl/caravel_core.v, 1386
caravel_core, "xres_buf rstb_level( .A (rstb_h),  .X (rstb_l));"
  The above instance has fewer port connections than the module definition.
  Please use '+lint=TFIPC-L' to print out detailed information of unconnected 
  ports.


Warning-[TFIPC] Too few instance port connections
../rtl/vsdcaravel.v, 290
vsdcaravel, "caravel_core chip_core( .vddio (vddio_core),  .vssio (vssio_core),  .vccd (vccd_core),  .vssd (vssd_core),  .vdda1 (vdda1_core),  .vdda2 (vdda2_core),  .vssa1 (vssa1_core),  .vssa2 (vssa2_core),  .vccd1 (vccd1_core),  .vccd2 (vccd2_core),  .vssd1 (vssd1_core),  .vssd2 (vssd2_core),  .rstb_h (rstb_h),  .clock_core (clock_core),  .gpio_out_core (gpio_out_core),  .gpio_in_core (gpio_in_core),  .gpio_mode0_core (gpio_mode0_core),  .gpio_mode1_core (gpio_mode1_core),  .gpio_outenb_core (gpio_outenb_core),  .gpio_inenb_core (gpio_inenb_core),  .flash_csb_frame (flash_csb_frame),  .flash_clk_frame (flash_clk_frame),  .flash_csb_oeb (flash_csb_oeb),  .flash_clk_oeb (flash_clk_oeb),  .flash_io0_oeb (flash_io0_oeb),  .flash_io1_oeb (flash_io1_oeb),  .flash_io0_ie ... "
  The above instance has fewer port connections than the module definition.
  Please use '+lint=TFIPC-L' to print out detailed information of unconnected 
  ports.


Warning-[TFIPC] Too few instance port connections
hkspi_tb.v, 434
hkspi_tb, "tbuart tbuart( .ser_rx (uart_tx));"
  The above instance has fewer port connections than the module definition.
  Please use '+lint=TFIPC-L' to print out detailed information of unconnected 
  ports.


Warning-[MBFFC] Missing braces in $fflush call.
spiflash.v, 279
"$fflush;"
  Braces '()' are missing in $fflush call. Assuming the call to be $fflush().
  Please use $fflush() for correct verilog syntax.

Notice: Ports coerced to inout, use -notice for details
Starting vcs inline pass...

26 modules and 3 UDPs read.
recompiling module digital_pll
recompiling module user_id_programming
recompiling module chip_io
recompiling module housekeeping
recompiling module mgmt_protect
recompiling module constant_block
recompiling module gpio_control_block
recompiling module gpio_defaults_block
recompiling module xres_buf
recompiling module RAM256
recompiling module VexRiscv
recompiling module InstructionCache
recompiling module mgmt_core_wrapper
recompiling module spiflash
recompiling module tbuart
recompiling module hkspi_tb
recompiling module pc3b03ed_wrapper
recompiling module pc3b03ed
recompiling module pt3b02
recompiling module dummy_scl180_conb_1
recompiling module housekeeping_spi
recompiling module bufbd7
recompiling module nd02d4
recompiling module delay_stage
recompiling module mprj_io_buffer
recompiling module buffd7
All of 26 modules done
make[1]: Entering directory `/home/sshekhar/vsdRiscvScl180/gls/csrc'
rm -f _cuarc*.so _csrc*.so pre_vcsobj_*.so share_vcsobj_*.so
if [ -x ../simv ]; then chmod a-x ../simv; fi
g++  -o ../simv      -rdynamic  -Wl,-rpath='$ORIGIN'/simv.daidir -Wl,-rpath=./simv.daidir \
-Wl,-rpath=/home/Synopsys/tools/vcs/U-2023.03/linux64/lib -L/home/Synopsys/tools/vcs/U-2023.03/linux64/lib \
-Wl,-rpath-link=./  /usr/lib64/libnuma.so.1   objs/amcQw_d.o   _23815_archive_1.so \
objs/udps/FqLFq.o objs/udps/fsCp2.o objs/udps/K79QG.o  SIM_l.o      rmapats_mop.o \
rmapats.o rmar.o rmar_nd.o  rmar_llvm_0_1.o rmar_llvm_0_0.o            -lvirsim -lerrorinf \
-lsnpsmalloc -lvfs    -lvcsnew -lsimprofile -luclinative /home/Synopsys/tools/vcs/U-2023.03/linux64/lib/vcs_tls.o \
-Wl,-whole-archive  -lvcsucli    -Wl,-no-whole-archive          /home/Synopsys/tools/vcs/U-2023.03/linux64/lib/vcs_save_restore_new.o \
-ldl  -lc -lm -lpthread -ldl 
../simv up to date
make[1]: Leaving directory `/home/sshekhar/vsdRiscvScl180/gls/csrc'
CPU time: 1.436 seconds to compile + .246 seconds to elab + .126 seconds to link
Verdi KDB elaboration done and the database successfully generated: 0 error(s), 0 warning(s)
